04-17-2015 08:28:53 Android: {"multicast_id":8.2002716837195e+18,"success":0,"failure":1,"canonical_ids":0,"results":[{"error":"NotRegistered"}]}Device Token:["APA91bGjRlx4Bpn6wR5m-fpvpu6KmrXs54VOVJdCnCtBm2yNguw1Tb9_Clwt9z5M5mGGWbTvwmM2ZJmMqivW-IlMvBlbzU1FK5fOh7iklW4fsIKSyYjdX_oT8EbEllU3XCbl_r-0YYzmDVTUq8B0ycfXob8PyECvvrRCMTvGpnhHqwNuOvkSeqM"]
 
04-17-2015 08:34:03 Android: {"multicast_id":5.5586775157128e+18,"success":1,"failure":0,"canonical_ids":0,"results":[{"message_id":"0:1429252443266425%2edb96a7f9fd7ecd"}]}Device Token:["APA91bGnLnZLRzzyhzPtvXcAGhLRKteI39kmAn1gqxI2vrbERBlgyoT11QGOWSjjdT53H02Mv17Y1vLzxsGX369S9Blf0lokqfuyQnA4cmDIQKMfLs9fbuBxdbKHzeAGx2PaEMDcbvwxRpY24MrDjYys0mgA-fQIF1hJY1ch_xk6hb1YCVyreCo"]
 
Fri, 17 Apr 2015 07:34:24 +0200 ApnsPHP[3956]: INFO: Trying ssl://gateway.sandbox.push.apple.com:2195...
Fri, 17 Apr 2015 07:34:25 +0200 ApnsPHP[3956]: INFO: Connected to ssl://gateway.sandbox.push.apple.com:2195.
Fri, 17 Apr 2015 07:34:25 +0200 ApnsPHP[3956]: INFO: Sending messages queue, run #1: 1 message(s) left in queue.
Fri, 17 Apr 2015 07:34:25 +0200 ApnsPHP[3956]: STATUS: Sending message ID 1 [custom identifier: Message-001] (1/3): 224 bytes.
Fri, 17 Apr 2015 07:34:26 +0200 ApnsPHP[3956]: ERROR: Unable to send message ID 1: Invalid token (8).
Fri, 17 Apr 2015 07:34:26 +0200 ApnsPHP[3956]: INFO: Disconnected.
Fri, 17 Apr 2015 07:34:26 +0200 ApnsPHP[3956]: INFO: Trying ssl://gateway.sandbox.push.apple.com:2195...
Fri, 17 Apr 2015 07:34:27 +0200 ApnsPHP[3956]: INFO: Connected to ssl://gateway.sandbox.push.apple.com:2195.
Fri, 17 Apr 2015 07:34:27 +0200 ApnsPHP[3956]: INFO: Sending messages queue, run #2: 1 message(s) left in queue.
Fri, 17 Apr 2015 07:34:27 +0200 ApnsPHP[3956]: WARNING: Message ID 1 [custom identifier: Message-001] has an unrecoverable error (8), removing from queue without retrying...
Fri, 17 Apr 2015 07:34:28 +0200 ApnsPHP[3956]: INFO: Disconnected.
 
Fri, 17 Apr 2015 07:34:30 +0200 ApnsPHP[3956]: INFO: Trying ssl://gateway.sandbox.push.apple.com:2195...
Fri, 17 Apr 2015 07:34:31 +0200 ApnsPHP[3956]: INFO: Connected to ssl://gateway.sandbox.push.apple.com:2195.
Fri, 17 Apr 2015 07:34:31 +0200 ApnsPHP[3956]: INFO: Sending messages queue, run #1: 1 message(s) left in queue.
Fri, 17 Apr 2015 07:34:31 +0200 ApnsPHP[3956]: STATUS: Sending message ID 1 [custom identifier: Message-001] (1/3): 238 bytes.
Fri, 17 Apr 2015 07:34:31 +0200 ApnsPHP[3956]: ERROR: Unable to send message ID 1: Invalid token (8).
Fri, 17 Apr 2015 07:34:31 +0200 ApnsPHP[3956]: INFO: Disconnected.
Fri, 17 Apr 2015 07:34:31 +0200 ApnsPHP[3956]: INFO: Trying ssl://gateway.sandbox.push.apple.com:2195...
Fri, 17 Apr 2015 07:34:33 +0200 ApnsPHP[3956]: INFO: Connected to ssl://gateway.sandbox.push.apple.com:2195.
Fri, 17 Apr 2015 07:34:33 +0200 ApnsPHP[3956]: INFO: Sending messages queue, run #2: 1 message(s) left in queue.
Fri, 17 Apr 2015 07:34:33 +0200 ApnsPHP[3956]: WARNING: Message ID 1 [custom identifier: Message-001] has an unrecoverable error (8), removing from queue without retrying...
Fri, 17 Apr 2015 07:34:34 +0200 ApnsPHP[3956]: INFO: Disconnected.
 
04-17-2015 08:02:46 Android: {"multicast_id":7619094770512689197,"success":1,"failure":0,"canonical_ids":0,"results":[{"message_id":"0:1429250566945045%2edb96a7f9fd7ecd"}]}Device Token:["APA91bGnLnZLRzzyhzPtvXcAGhLRKteI39kmAn1gqxI2vrbERBlgyoT11QGOWSjjdT53H02Mv17Y1vLzxsGX369S9Blf0lokqfuyQnA4cmDIQKMfLs9fbuBxdbKHzeAGx2PaEMDcbvwxRpY24MrDjYys0mgA-fQIF1hJY1ch_xk6hb1YCVyreCo"]
 
04-17-2015 08:03:49 Android: {"multicast_id":6299647460913959735,"success":1,"failure":0,"canonical_ids":0,"results":[{"message_id":"0:1429250629612759%2edb96a7f9fd7ecd"}]}Device Token:["APA91bGnLnZLRzzyhzPtvXcAGhLRKteI39kmAn1gqxI2vrbERBlgyoT11QGOWSjjdT53H02Mv17Y1vLzxsGX369S9Blf0lokqfuyQnA4cmDIQKMfLs9fbuBxdbKHzeAGx2PaEMDcbvwxRpY24MrDjYys0mgA-fQIF1hJY1ch_xk6hb1YCVyreCo"]
 
04-17-2015 08:21:07 Android: {"multicast_id":8260316862843947701,"success":1,"failure":0,"canonical_ids":0,"results":[{"message_id":"0:1429251667364251%2edb96a7f9fd7ecd"}]}Device Token:["APA91bGnLnZLRzzyhzPtvXcAGhLRKteI39kmAn1gqxI2vrbERBlgyoT11QGOWSjjdT53H02Mv17Y1vLzxsGX369S9Blf0lokqfuyQnA4cmDIQKMfLs9fbuBxdbKHzeAGx2PaEMDcbvwxRpY24MrDjYys0mgA-fQIF1hJY1ch_xk6hb1YCVyreCo"]
 
04-17-2015 08:21:14 Android: {"multicast_id":5566299846807210492,"success":1,"failure":0,"canonical_ids":0,"results":[{"message_id":"0:1429251674245367%2edb96a7f9fd7ecd"}]}Device Token:["APA91bGnLnZLRzzyhzPtvXcAGhLRKteI39kmAn1gqxI2vrbERBlgyoT11QGOWSjjdT53H02Mv17Y1vLzxsGX369S9Blf0lokqfuyQnA4cmDIQKMfLs9fbuBxdbKHzeAGx2PaEMDcbvwxRpY24MrDjYys0mgA-fQIF1hJY1ch_xk6hb1YCVyreCo"]
 
04-17-2015 08:22:35 Android: {"multicast_id":8304792260439173808,"success":1,"failure":0,"canonical_ids":0,"results":[{"message_id":"0:1429251755016435%2edb96a7f9fd7ecd"}]}Device Token:["APA91bGnLnZLRzzyhzPtvXcAGhLRKteI39kmAn1gqxI2vrbERBlgyoT11QGOWSjjdT53H02Mv17Y1vLzxsGX369S9Blf0lokqfuyQnA4cmDIQKMfLs9fbuBxdbKHzeAGx2PaEMDcbvwxRpY24MrDjYys0mgA-fQIF1hJY1ch_xk6hb1YCVyreCo"]
 
04-17-2015 08:22:41 Android: {"multicast_id":6248493753629162495,"success":1,"failure":0,"canonical_ids":0,"results":[{"message_id":"0:1429251761843669%2edb96a7f9fd7ecd"}]}Device Token:["APA91bGnLnZLRzzyhzPtvXcAGhLRKteI39kmAn1gqxI2vrbERBlgyoT11QGOWSjjdT53H02Mv17Y1vLzxsGX369S9Blf0lokqfuyQnA4cmDIQKMfLs9fbuBxdbKHzeAGx2PaEMDcbvwxRpY24MrDjYys0mgA-fQIF1hJY1ch_xk6hb1YCVyreCo"]
 
04-17-2015 08:26:05 Android: {"multicast_id":8776202608443051823,"success":1,"failure":0,"canonical_ids":0,"results":[{"message_id":"0:1429251965377110%2edb96a7f9fd7ecd"}]}Device Token:["APA91bGnLnZLRzzyhzPtvXcAGhLRKteI39kmAn1gqxI2vrbERBlgyoT11QGOWSjjdT53H02Mv17Y1vLzxsGX369S9Blf0lokqfuyQnA4cmDIQKMfLs9fbuBxdbKHzeAGx2PaEMDcbvwxRpY24MrDjYys0mgA-fQIF1hJY1ch_xk6hb1YCVyreCo"]
 
04-17-2015 08:26:10 Android: {"multicast_id":7808339234952884919,"success":1,"failure":0,"canonical_ids":0,"results":[{"message_id":"0:1429251970617070%2edb96a7f9fd7ecd"}]}Device Token:["APA91bGnLnZLRzzyhzPtvXcAGhLRKteI39kmAn1gqxI2vrbERBlgyoT11QGOWSjjdT53H02Mv17Y1vLzxsGX369S9Blf0lokqfuyQnA4cmDIQKMfLs9fbuBxdbKHzeAGx2PaEMDcbvwxRpY24MrDjYys0mgA-fQIF1hJY1ch_xk6hb1YCVyreCo"]
 
